# JRE version: OpenJDK Runtime Environment Temurin-21.0.10+7 (21.0.10+7) (build 21.0.10+7-LTS)
# Java VM: OpenJDK 64-Bit Server VM Temurin-21.0.10+7 (21.0.10+7-LTS, mixed mode, sharing, tiered, compressed oops, compressed class ptrs, parallel gc, windows-amd64)
GC Precious Log:
 CardTable entry size: 512
 CPUs: 16 total, 16 available
 Memory: 7860M
 Large Page Support: Disabled
 NUMA Support: Disabled
 Compressed Oops: Enabled (32-bit)
 Alignments: Space 512K, Generation 512K, Heap 2M
 Heap Min Capacity: 100M
 Heap Initial Capacity: 100M
 Heap Max Capacity: 2G
 Pre-touch: Disabled
 Parallel Workers: 13
Heap:
 PSYoungGen      total 18432K, used 9199K [0x00000000d5580000, 0x00000000d6b80000, 0x0000000100000000)
  eden space 17920K, 49% used [0x00000000d5580000,0x00000000d5e33ec0,0x00000000d6700000)
  from space 512K, 56% used [0x00000000d6b00000,0x00000000d6b48000,0x00000000d6b80000)
  to   space 1024K, 0% used [0x00000000d6980000,0x00000000d6980000,0x00000000d6a80000)
 ParOldGen       total 68608K, used 45020K [0x0000000080000000, 0x0000000084300000, 0x00000000d5580000)
  object space 68608K, 65% used [0x0000000080000000,0x0000000082bf71a8,0x0000000084300000)
 Metaspace       used 49332K, committed 50624K, reserved 1114112K
  class space    used 5281K, committed 5888K, reserved 1048576K
GC Heap History (20 events):
Event: 11.981 GC heap before
{Heap before GC invocations=23 (full 2):
 PSYoungGen      total 22528K, used 22496K [0x00000000d5580000, 0x00000000d7200000, 0x0000000100000000)
  eden space 20480K, 100% used [0x00000000d5580000,0x00000000d6980000,0x00000000d6980000)
  from space 2048K, 98% used [0x00000000d6d00000,0x00000000d6ef8030,0x00000000d6f00000)
  to   space 3584K, 0% used [0x00000000d6980000,0x00000000d6980000,0x00000000d6d00000)
 ParOldGen       total 68608K, used 24883K [0x0000000080000000, 0x0000000084300000, 0x00000000d5580000)
  object space 68608K, 36% used [0x0000000080000000,0x000000008184ce10,0x0000000084300000)
 Metaspace       used 47470K, committed 48704K, reserved 1114112K
  class space    used 5148K, committed 5696K, reserved 1048576K
}
Event: 11.984 GC heap after
{Heap after GC invocations=23 (full 2):
 PSYoungGen      total 23040K, used 2210K [0x00000000d5580000, 0x00000000d6f80000, 0x0000000100000000)
  eden space 20480K, 0% used [0x00000000d5580000,0x00000000d5580000,0x00000000d6980000)
  from space 2560K, 86% used [0x00000000d6980000,0x00000000d6ba8820,0x00000000d6c00000)
  to   space 3072K, 0% used [0x00000000d6c80000,0x00000000d6c80000,0x00000000d6f80000)
 ParOldGen       total 68608K, used 26840K [0x0000000080000000, 0x0000000084300000, 0x00000000d5580000)
  object space 68608K, 39% used [0x0000000080000000,0x0000000081a36198,0x0000000084300000)
 Metaspace       used 47470K, committed 48704K, reserved 1114112K
  class space    used 5148K, committed 5696K, reserved 1048576K
}
Event: 12.047 GC heap before
{Heap before GC invocations=24 (full 2):
 PSYoungGen      total 23040K, used 22690K [0x00000000d5580000, 0x00000000d6f80000, 0x0000000100000000)
  eden space 20480K, 100% used [0x00000000d5580000,0x00000000d6980000,0x00000000d6980000)
  from space 2560K, 86% used [0x00000000d6980000,0x00000000d6ba8820,0x00000000d6c00000)
  to   space 3072K, 0% used [0x00000000d6c80000,0x00000000d6c80000,0x00000000d6f80000)
 ParOldGen       total 68608K, used 26840K [0x0000000080000000, 0x0000000084300000, 0x00000000d5580000)
  object space 68608K, 39% used [0x0000000080000000,0x0000000081a36198,0x0000000084300000)
 Metaspace       used 47513K, committed 48768K, reserved 1114112K
  class space    used 5150K, committed 5696K, reserved 1048576K
}
Event: 12.050 GC heap after
{Heap after GC invocations=24 (full 2):
 PSYoungGen      total 23040K, used 2048K [0x00000000d5580000, 0x00000000d6f00000, 0x0000000100000000)
  eden space 20480K, 0% used [0x00000000d5580000,0x00000000d5580000,0x00000000d6980000)
  from space 2560K, 80% used [0x00000000d6c80000,0x00000000d6e80010,0x00000000d6f00000)
  to   space 2560K, 0% used [0x00000000d6980000,0x00000000d6980000,0x00000000d6c00000)
 ParOldGen       total 68608K, used 28830K [0x0000000080000000, 0x0000000084300000, 0x00000000d5580000)
  object space 68608K, 42% used [0x0000000080000000,0x0000000081c27a80,0x0000000084300000)
 Metaspace       used 47513K, committed 48768K, reserved 1114112K
  class space    used 5150K, committed 5696K, reserved 1048576K
}
Event: 12.182 GC heap before
{Heap before GC invocations=25 (full 2):
 PSYoungGen      total 23040K, used 22528K [0x00000000d5580000, 0x00000000d6f00000, 0x0000000100000000)
  eden space 20480K, 100% used [0x00000000d5580000,0x00000000d6980000,0x00000000d6980000)
  from space 2560K, 80% used [0x00000000d6c80000,0x00000000d6e80010,0x00000000d6f00000)
  to   space 2560K, 0% used [0x00000000d6980000,0x00000000d6980000,0x00000000d6c00000)
 ParOldGen       total 68608K, used 28830K [0x0000000080000000, 0x0000000084300000, 0x00000000d5580000)
  object space 68608K, 42% used [0x0000000080000000,0x0000000081c27a80,0x0000000084300000)
 Metaspace       used 47527K, committed 48768K, reserved 1114112K
  class space    used 5150K, committed 5696K, reserved 1048576K
}
Event: 12.185 GC heap after
{Heap after GC invocations=25 (full 2):
 PSYoungGen      total 22528K, used 2016K [0x00000000d5580000, 0x00000000d6d80000, 0x0000000100000000)
  eden space 20480K, 0% used [0x00000000d5580000,0x00000000d5580000,0x00000000d6980000)
  from space 2048K, 98% used [0x00000000d6980000,0x00000000d6b78000,0x00000000d6b80000)
  to   space 2048K, 0% used [0x00000000d6b80000,0x00000000d6b80000,0x00000000d6d80000)
 ParOldGen       total 68608K, used 30662K [0x0000000080000000, 0x0000000084300000, 0x00000000d5580000)
  object space 68608K, 44% used [0x0000000080000000,0x0000000081df1a90,0x0000000084300000)
 Metaspace       used 47527K, committed 48768K, reserved 1114112K
  class space    used 5150K, committed 5696K, reserved 1048576K
}
Event: 12.285 GC heap before
{Heap before GC invocations=26 (full 2):
 PSYoungGen      total 22528K, used 22496K [0x00000000d5580000, 0x00000000d6d80000, 0x0000000100000000)
  eden space 20480K, 100% used [0x00000000d5580000,0x00000000d6980000,0x00000000d6980000)
  from space 2048K, 98% used [0x00000000d6980000,0x00000000d6b78000,0x00000000d6b80000)
  to   space 2048K, 0% used [0x00000000d6b80000,0x00000000d6b80000,0x00000000d6d80000)
 ParOldGen       total 68608K, used 30662K [0x0000000080000000, 0x0000000084300000, 0x00000000d5580000)
  object space 68608K, 44% used [0x0000000080000000,0x0000000081df1a90,0x0000000084300000)
 Metaspace       used 47532K, committed 48768K, reserved 1114112K
  class space    used 5150K, committed 5696K, reserved 1048576K
}
Event: 12.288 GC heap after
{Heap after GC invocations=26 (full 2):
 PSYoungGen      total 19968K, used 2020K [0x00000000d5580000, 0x00000000d7280000, 0x0000000100000000)
  eden space 17920K, 0% used [0x00000000d5580000,0x00000000d5580000,0x00000000d6700000)
  from space 2048K, 98% used [0x00000000d6b80000,0x00000000d6d79000,0x00000000d6d80000)
  to   space 4608K, 0% used [0x00000000d6700000,0x00000000d6700000,0x00000000d6b80000)
 ParOldGen       total 68608K, used 32509K [0x0000000080000000, 0x0000000084300000, 0x00000000d5580000)
  object space 68608K, 47% used [0x0000000080000000,0x0000000081fbf440,0x0000000084300000)
 Metaspace       used 47532K, committed 48768K, reserved 1114112K
  class space    used 5150K, committed 5696K, reserved 1048576K
}
Event: 12.373 GC heap before
{Heap before GC invocations=27 (full 2):
 PSYoungGen      total 19968K, used 19940K [0x00000000d5580000, 0x00000000d7280000, 0x0000000100000000)
  eden space 17920K, 100% used [0x00000000d5580000,0x00000000d6700000,0x00000000d6700000)
  from space 2048K, 98% used [0x00000000d6b80000,0x00000000d6d79000,0x00000000d6d80000)
  to   space 4608K, 0% used [0x00000000d6700000,0x00000000d6700000,0x00000000d6b80000)
 ParOldGen       total 68608K, used 32509K [0x0000000080000000, 0x0000000084300000, 0x00000000d5580000)
  object space 68608K, 47% used [0x0000000080000000,0x0000000081fbf440,0x0000000084300000)
 Metaspace       used 47596K, committed 48768K, reserved 1114112K
  class space    used 5153K, committed 5696K, reserved 1048576K
}
Event: 12.376 GC heap after
{Heap after GC invocations=27 (full 2):
 PSYoungGen      total 19968K, used 1952K [0x00000000d5580000, 0x00000000d6d00000, 0x0000000100000000)
  eden space 17920K, 0% used [0x00000000d5580000,0x00000000d5580000,0x00000000d6700000)
  from space 2048K, 95% used [0x00000000d6700000,0x00000000d68e8010,0x00000000d6900000)
  to   space 3072K, 0% used [0x00000000d6a00000,0x00000000d6a00000,0x00000000d6d00000)
 ParOldGen       total 68608K, used 34362K [0x0000000080000000, 0x0000000084300000, 0x00000000d5580000)
  object space 68608K, 50% used [0x0000000080000000,0x000000008218ea68,0x0000000084300000)
 Metaspace       used 47596K, committed 48768K, reserved 1114112K
  class space    used 5153K, committed 5696K, reserved 1048576K
}
Event: 12.436 GC heap before
{Heap before GC invocations=28 (full 2):
 PSYoungGen      total 19968K, used 19872K [0x00000000d5580000, 0x00000000d6d00000, 0x0000000100000000)
  eden space 17920K, 100% used [0x00000000d5580000,0x00000000d6700000,0x00000000d6700000)
  from space 2048K, 95% used [0x00000000d6700000,0x00000000d68e8010,0x00000000d6900000)
  to   space 3072K, 0% used [0x00000000d6a00000,0x00000000d6a00000,0x00000000d6d00000)
 ParOldGen       total 68608K, used 34362K [0x0000000080000000, 0x0000000084300000, 0x00000000d5580000)
  object space 68608K, 50% used [0x0000000080000000,0x000000008218ea68,0x0000000084300000)
 Metaspace       used 47606K, committed 48832K, reserved 1114112K
  class space    used 5153K, committed 5696K, reserved 1048576K
}
Event: 12.439 GC heap after
{Heap after GC invocations=28 (full 2):
 PSYoungGen      total 19968K, used 1688K [0x00000000d5580000, 0x00000000d6c00000, 0x0000000100000000)
  eden space 17920K, 0% used [0x00000000d5580000,0x00000000d5580000,0x00000000d6700000)
  from space 2048K, 82% used [0x00000000d6a00000,0x00000000d6ba6200,0x00000000d6c00000)
  to   space 2048K, 0% used [0x00000000d6700000,0x00000000d6700000,0x00000000d6900000)
 ParOldGen       total 68608K, used 36162K [0x0000000080000000, 0x0000000084300000, 0x00000000d5580000)
  object space 68608K, 52% used [0x0000000080000000,0x0000000082350a78,0x0000000084300000)
 Metaspace       used 47606K, committed 48832K, reserved 1114112K
  class space    used 5153K, committed 5696K, reserved 1048576K
}
Event: 12.735 GC heap before
{Heap before GC invocations=29 (full 2):
 PSYoungGen      total 19968K, used 19516K [0x00000000d5580000, 0x00000000d6c00000, 0x0000000100000000)
  eden space 17920K, 99% used [0x00000000d5580000,0x00000000d66e8e20,0x00000000d6700000)
  from space 2048K, 82% used [0x00000000d6a00000,0x00000000d6ba6200,0x00000000d6c00000)
  to   space 2048K, 0% used [0x00000000d6700000,0x00000000d6700000,0x00000000d6900000)
 ParOldGen       total 68608K, used 36162K [0x0000000080000000, 0x0000000084300000, 0x00000000d5580000)
  object space 68608K, 52% used [0x0000000080000000,0x0000000082350a78,0x0000000084300000)
 Metaspace       used 48460K, committed 49664K, reserved 1114112K
  class space    used 5245K, committed 5760K, reserved 1048576K
}
Event: 12.739 GC heap after
{Heap after GC invocations=29 (full 2):
 PSYoungGen      total 19968K, used 2023K [0x00000000d5580000, 0x00000000d7200000, 0x0000000100000000)
  eden space 17920K, 0% used [0x00000000d5580000,0x00000000d5580000,0x00000000d6700000)
  from space 2048K, 98% used [0x00000000d6700000,0x00000000d68f9f70,0x00000000d6900000)
  to   space 5632K, 0% used [0x00000000d6c80000,0x00000000d6c80000,0x00000000d7200000)
 ParOldGen       total 68608K, used 38859K [0x0000000080000000, 0x0000000084300000, 0x00000000d5580000)
  object space 68608K, 56% used [0x0000000080000000,0x00000000825f2c78,0x0000000084300000)
 Metaspace       used 48460K, committed 49664K, reserved 1114112K
  class space    used 5245K, committed 5760K, reserved 1048576K
}
Event: 1161.435 GC heap before
{Heap before GC invocations=30 (full 2):
 PSYoungGen      total 19968K, used 19941K [0x00000000d5580000, 0x00000000d7200000, 0x0000000100000000)
  eden space 17920K, 99% used [0x00000000d5580000,0x00000000d66ff758,0x00000000d6700000)
  from space 2048K, 98% used [0x00000000d6700000,0x00000000d68f9f70,0x00000000d6900000)
  to   space 5632K, 0% used [0x00000000d6c80000,0x00000000d6c80000,0x00000000d7200000)
 ParOldGen       total 68608K, used 38859K [0x0000000080000000, 0x0000000084300000, 0x00000000d5580000)
  object space 68608K, 56% used [0x0000000080000000,0x00000000825f2c78,0x0000000084300000)
 Metaspace       used 49144K, committed 50432K, reserved 1114112K
  class space    used 5278K, committed 5888K, reserved 1048576K
}
Event: 1161.478 GC heap after
{Heap after GC invocations=30 (full 2):
 PSYoungGen      total 22528K, used 4263K [0x00000000d5580000, 0x00000000d7100000, 0x0000000100000000)
  eden space 17920K, 0% used [0x00000000d5580000,0x00000000d5580000,0x00000000d6700000)
  from space 4608K, 92% used [0x00000000d6c80000,0x00000000d70a9dc8,0x00000000d7100000)
  to   space 4608K, 0% used [0x00000000d6800000,0x00000000d6800000,0x00000000d6c80000)
 ParOldGen       total 68608K, used 40909K [0x0000000080000000, 0x0000000084300000, 0x00000000d5580000)
  object space 68608K, 59% used [0x0000000080000000,0x00000000827f3430,0x0000000084300000)
 Metaspace       used 49144K, committed 50432K, reserved 1114112K
  class space    used 5278K, committed 5888K, reserved 1048576K
}
Event: 12335.562 GC heap before
{Heap before GC invocations=31 (full 2):
 PSYoungGen      total 22528K, used 22183K [0x00000000d5580000, 0x00000000d7100000, 0x0000000100000000)
  eden space 17920K, 100% used [0x00000000d5580000,0x00000000d6700000,0x00000000d6700000)
  from space 4608K, 92% used [0x00000000d6c80000,0x00000000d70a9dc8,0x00000000d7100000)
  to   space 4608K, 0% used [0x00000000d6800000,0x00000000d6800000,0x00000000d6c80000)
 ParOldGen       total 68608K, used 40909K [0x0000000080000000, 0x0000000084300000, 0x00000000d5580000)
  object space 68608K, 59% used [0x0000000080000000,0x00000000827f3430,0x0000000084300000)
 Metaspace       used 49217K, committed 50560K, reserved 1114112K
  class space    used 5281K, committed 5888K, reserved 1048576K
}
Event: 12335.594 GC heap after
{Heap after GC invocations=31 (full 2):
 PSYoungGen      total 18432K, used 384K [0x00000000d5580000, 0x00000000d6d00000, 0x0000000100000000)
  eden space 17920K, 0% used [0x00000000d5580000,0x00000000d5580000,0x00000000d6700000)
  from space 512K, 75% used [0x00000000d6800000,0x00000000d6860000,0x00000000d6880000)
  to   space 2048K, 0% used [0x00000000d6b00000,0x00000000d6b00000,0x00000000d6d00000)
 ParOldGen       total 68608K, used 44956K [0x0000000080000000, 0x0000000084300000, 0x00000000d5580000)
  object space 68608K, 65% used [0x0000000080000000,0x0000000082be71a8,0x0000000084300000)
 Metaspace       used 49217K, committed 50560K, reserved 1114112K
  class space    used 5281K, committed 5888K, reserved 1048576K
}
Event: 14238.764 GC heap before
{Heap before GC invocations=32 (full 2):
 PSYoungGen      total 18432K, used 18304K [0x00000000d5580000, 0x00000000d6d00000, 0x0000000100000000)
  eden space 17920K, 100% used [0x00000000d5580000,0x00000000d6700000,0x00000000d6700000)
  from space 512K, 75% used [0x00000000d6800000,0x00000000d6860000,0x00000000d6880000)
  to   space 2048K, 0% used [0x00000000d6b00000,0x00000000d6b00000,0x00000000d6d00000)
 ParOldGen       total 68608K, used 44956K [0x0000000080000000, 0x0000000084300000, 0x00000000d5580000)
  object space 68608K, 65% used [0x0000000080000000,0x0000000082be71a8,0x0000000084300000)
 Metaspace       used 49291K, committed 50560K, reserved 1114112K
  class space    used 5281K, committed 5888K, reserved 1048576K
}
Event: 14238.789 GC heap after
{Heap after GC invocations=32 (full 2):
 PSYoungGen      total 18432K, used 288K [0x00000000d5580000, 0x00000000d6b80000, 0x0000000100000000)
  eden space 17920K, 0% used [0x00000000d5580000,0x00000000d5580000,0x00000000d6700000)
  from space 512K, 56% used [0x00000000d6b00000,0x00000000d6b48000,0x00000000d6b80000)
  to   space 1024K, 0% used [0x00000000d6980000,0x00000000d6980000,0x00000000d6a80000)
 ParOldGen       total 68608K, used 45020K [0x0000000080000000, 0x0000000084300000, 0x00000000d5580000)
  object space 68608K, 65% used [0x0000000080000000,0x0000000082bf71a8,0x0000000084300000)
 Metaspace       used 49291K, committed 50560K, reserved 1114112K
  class space    used 5281K, committed 5888K, reserved 1048576K
}

